<?xml version="1.0" encoding="UTF-8"?>
<!-- Generated by org.testng.reporters.JUnitXMLReporter -->
<testsuite ignored="2" hostname="DESKTOP-JVFDB7O" failures="0" tests="0" time="0.367" errors="0" timestamp="2025-02-06T23:25:17 IST">
  <testcase classname="testCases.TC001_RegisterAccount" name="verify_RegisterAccount" time="0.0">
    <ignored/>
  </testcase> <!-- verify_RegisterAccount -->
  <testcase classname="testCases.TC002_LoginTest" name="verify_Login" time="0.0">
    <ignored/>
  </testcase> <!-- verify_Login -->
</testsuite>
