<?xml version="1.0" encoding="UTF-8"?>
<testng-results ignored="0" total="1" passed="1" failed="0" skipped="0">
  <reporter-output>
  </reporter-output>
  <suite started-at="2025-03-18T12:51:38 IST" name="Master Suite" finished-at="2025-03-18T12:51:49 IST" duration-ms="10988">
    <groups>
    </groups>
    <test started-at="2025-03-18T12:51:38 IST" name="Test" finished-at="2025-03-18T12:51:49 IST" duration-ms="10988">
      <class name="testCases.TC011_DateTable">
        <test-method is-config="true" signature="browser(java.lang.String,java.lang.String)[pri:0, instance:testCases.TC011_DateTable@52bf72b5]" started-at="2025-03-18T12:51:38 IST" name="browser" finished-at="2025-03-18T12:51:45 IST" duration-ms="7317" status="PASS">
          <params>
            <param index="0">
              <value>
                <![CDATA[Windows]]>
              </value>
            </param>
            <param index="1">
              <value>
                <![CDATA[chrome]]>
              </value>
            </param>
          </params>
          <reporter-output>
          </reporter-output>
        </test-method> <!-- browser -->
        <test-method signature="Select_Date()[pri:0, instance:testCases.TC011_DateTable@52bf72b5]" started-at="2025-03-18T12:51:45 IST" name="Select_Date" finished-at="2025-03-18T12:51:48 IST" duration-ms="3024" status="PASS">
          <reporter-output>
          </reporter-output>
        </test-method> <!-- Select_Date -->
        <test-method is-config="true" signature="teardown()[pri:0, instance:testCases.TC011_DateTable@52bf72b5]" started-at="2025-03-18T12:51:48 IST" name="teardown" finished-at="2025-03-18T12:51:49 IST" duration-ms="302" status="PASS">
          <reporter-output>
          </reporter-output>
        </test-method> <!-- teardown -->
      </class> <!-- testCases.TC011_DateTable -->
    </test> <!-- Test -->
  </suite> <!-- Master Suite -->
</testng-results>
