<?xml version="1.0" encoding="UTF-8"?>
<testng-results ignored="0" total="2" passed="2" failed="0" skipped="0">
  <reporter-output>
  </reporter-output>
  <suite started-at="2025-02-13T14:54:46 IST" name="Master Suite" finished-at="2025-02-13T14:55:18 IST" duration-ms="31915">
    <groups>
      <group name="Master">
        <method signature="TC001_RegisterAccount.verify_RegisterAccount()[pri:0, instance:testCases.TC001_RegisterAccount@47d9a273]" name="verify_RegisterAccount" class="testCases.TC001_RegisterAccount"/>
        <method signature="TC002_LoginTest.verify_Login()[pri:0, instance:testCases.TC002_LoginTest@4c1909a3]" name="verify_Login" class="testCases.TC002_LoginTest"/>
      </group> <!-- Master -->
      <group name="Sanity">
        <method signature="TC001_RegisterAccount.verify_RegisterAccount()[pri:0, instance:testCases.TC001_RegisterAccount@47d9a273]" name="verify_RegisterAccount" class="testCases.TC001_RegisterAccount"/>
        <method signature="TC002_LoginTest.verify_Login()[pri:0, instance:testCases.TC002_LoginTest@4c1909a3]" name="verify_Login" class="testCases.TC002_LoginTest"/>
      </group> <!-- Sanity -->
      <group name="Regression">
        <method signature="TC002_LoginTest.verify_Login()[pri:0, instance:testCases.TC002_LoginTest@4c1909a3]" name="verify_Login" class="testCases.TC002_LoginTest"/>
      </group> <!-- Regression -->
    </groups>
    <test started-at="2025-02-13T14:54:46 IST" name="Linux-Firefox" finished-at="2025-02-13T14:55:18 IST" duration-ms="31915">
      <class name="testCases.TC002_LoginTest">
        <test-method is-config="true" signature="browser(java.lang.String,java.lang.String)[pri:0, instance:testCases.TC002_LoginTest@4c1909a3]" started-at="2025-02-13T14:55:07 IST" name="browser" finished-at="2025-02-13T14:55:14 IST" duration-ms="6681" status="PASS">
          <params>
            <param index="0">
              <value>
                <![CDATA[Linux]]>
              </value>
            </param>
            <param index="1">
              <value>
                <![CDATA[firefox]]>
              </value>
            </param>
          </params>
          <reporter-output>
          </reporter-output>
        </test-method> <!-- browser -->
        <test-method signature="verify_Login()[pri:0, instance:testCases.TC002_LoginTest@4c1909a3]" started-at="2025-02-13T14:55:14 IST" name="verify_Login" finished-at="2025-02-13T14:55:16 IST" duration-ms="2421" status="PASS">
          <reporter-output>
          </reporter-output>
        </test-method> <!-- verify_Login -->
        <test-method is-config="true" signature="teardown()[pri:0, instance:testCases.TC002_LoginTest@4c1909a3]" started-at="2025-02-13T14:55:16 IST" name="teardown" finished-at="2025-02-13T14:55:18 IST" duration-ms="1417" status="PASS">
          <reporter-output>
          </reporter-output>
        </test-method> <!-- teardown -->
      </class> <!-- testCases.TC002_LoginTest -->
      <class name="testCases.TC001_RegisterAccount">
        <test-method is-config="true" signature="browser(java.lang.String,java.lang.String)[pri:0, instance:testCases.TC001_RegisterAccount@47d9a273]" started-at="2025-02-13T14:54:47 IST" name="browser" finished-at="2025-02-13T14:55:01 IST" duration-ms="14531" status="PASS">
          <params>
            <param index="0">
              <value>
                <![CDATA[Linux]]>
              </value>
            </param>
            <param index="1">
              <value>
                <![CDATA[firefox]]>
              </value>
            </param>
          </params>
          <reporter-output>
          </reporter-output>
        </test-method> <!-- browser -->
        <test-method signature="verify_RegisterAccount()[pri:0, instance:testCases.TC001_RegisterAccount@47d9a273]" started-at="2025-02-13T14:55:01 IST" name="verify_RegisterAccount" finished-at="2025-02-13T14:55:06 IST" duration-ms="4702" status="PASS">
          <reporter-output>
          </reporter-output>
        </test-method> <!-- verify_RegisterAccount -->
        <test-method is-config="true" signature="teardown()[pri:0, instance:testCases.TC001_RegisterAccount@47d9a273]" started-at="2025-02-13T14:55:06 IST" name="teardown" finished-at="2025-02-13T14:55:07 IST" duration-ms="1343" status="PASS">
          <reporter-output>
          </reporter-output>
        </test-method> <!-- teardown -->
      </class> <!-- testCases.TC001_RegisterAccount -->
    </test> <!-- Linux-Firefox -->
  </suite> <!-- Master Suite -->
</testng-results>
